<?xml version="1.0" encoding="UTF-8"?>
<testsuite name="com.example.task04.Tests" tests="4" skipped="0" failures="2" errors="0" timestamp="2020-12-27T16:48:46" hostname="DESKTOP-UF4O55G" time="0.067">
  <properties/>
  <testcase name="testExample1" classname="com.example.task04.Tests" time="0.055"/>
  <testcase name="testExample2" classname="com.example.task04.Tests" time="0.007">
    <failure message="org.junit.ComparisonFailure: [Input: ???? ????-????-???? ????!] expected:&lt;&quot;????[&#10;????&#10;????]&quot;&gt; but was:&lt;&quot;????[]&quot;&gt;" type="org.junit.ComparisonFailure">org.junit.ComparisonFailure: [Input: ???? ????-????-???? ????!] expected:&lt;&quot;????[
????
????]&quot;&gt; but was:&lt;&quot;????[]&quot;&gt;
	at java.base/jdk.internal.reflect.NativeConstructorAccessorImpl.newInstance0(Native Method)
	at java.base/jdk.internal.reflect.NativeConstructorAccessorImpl.newInstance(NativeConstructorAccessorImpl.java:62)
	at java.base/jdk.internal.reflect.DelegatingConstructorAccessorImpl.newInstance(DelegatingConstructorAccessorImpl.java:45)
	at java.base/java.lang.reflect.Constructor.newInstanceWithCaller(Constructor.java:500)
	at com.example.task04.Tests.check(Tests.java:22)
	at com.example.task04.Tests.testExample2(Tests.java:50)
	at java.base/jdk.internal.reflect.NativeMethodAccessorImpl.invoke0(Native Method)
	at java.base/jdk.internal.reflect.NativeMethodAccessorImpl.invoke(NativeMethodAccessorImpl.java:62)
	at java.base/jdk.internal.reflect.DelegatingMethodAccessorImpl.invoke(DelegatingMethodAccessorImpl.java:43)
	at java.base/java.lang.reflect.Method.invoke(Method.java:564)
	at org.junit.runners.model.FrameworkMethod$1.runReflectiveCall(FrameworkMethod.java:50)
	at org.junit.internal.runners.model.ReflectiveCallable.run(ReflectiveCallable.java:12)
	at org.junit.runners.model.FrameworkMethod.invokeExplosively(FrameworkMethod.java:47)
	at org.junit.internal.runners.statements.InvokeMethod.evaluate(InvokeMethod.java:17)
	at org.junit.runners.ParentRunner.runLeaf(ParentRunner.java:325)
	at org.junit.runners.BlockJUnit4ClassRunner.runChild(BlockJUnit4ClassRunner.java:78)
	at org.junit.runners.BlockJUnit4ClassRunner.runChild(BlockJUnit4ClassRunner.java:57)
	at org.junit.runners.ParentRunner$3.run(ParentRunner.java:290)
	at org.junit.runners.ParentRunner$1.schedule(ParentRunner.java:71)
	at org.junit.runners.ParentRunner.runChildren(ParentRunner.java:288)
	at org.junit.runners.ParentRunner.access$000(ParentRunner.java:58)
	at org.junit.runners.ParentRunner$2.evaluate(ParentRunner.java:268)
	at org.junit.runners.ParentRunner.run(ParentRunner.java:363)
	at org.gradle.api.internal.tasks.testing.junit.JUnitTestClassExecutor.runTestClass(JUnitTestClassExecutor.java:110)
	at org.gradle.api.internal.tasks.testing.junit.JUnitTestClassExecutor.execute(JUnitTestClassExecutor.java:58)
	at org.gradle.api.internal.tasks.testing.junit.JUnitTestClassExecutor.execute(JUnitTestClassExecutor.java:38)
	at org.gradle.api.internal.tasks.testing.junit.AbstractJUnitTestClassProcessor.processTestClass(AbstractJUnitTestClassProcessor.java:62)
	at org.gradle.api.internal.tasks.testing.SuiteTestClassProcessor.processTestClass(SuiteTestClassProcessor.java:51)
	at java.base/jdk.internal.reflect.NativeMethodAccessorImpl.invoke0(Native Method)
	at java.base/jdk.internal.reflect.NativeMethodAccessorImpl.invoke(NativeMethodAccessorImpl.java:62)
	at java.base/jdk.internal.reflect.DelegatingMethodAccessorImpl.invoke(DelegatingMethodAccessorImpl.java:43)
	at java.base/java.lang.reflect.Method.invoke(Method.java:564)
	at org.gradle.internal.dispatch.ReflectionDispatch.dispatch(ReflectionDispatch.java:36)
	at org.gradle.internal.dispatch.ReflectionDispatch.dispatch(ReflectionDispatch.java:24)
	at org.gradle.internal.dispatch.ContextClassLoaderDispatch.dispatch(ContextClassLoaderDispatch.java:33)
	at org.gradle.internal.dispatch.ProxyDispatchAdapter$DispatchingInvocationHandler.invoke(ProxyDispatchAdapter.java:94)
	at com.sun.proxy.$Proxy2.processTestClass(Unknown Source)
	at org.gradle.api.internal.tasks.testing.worker.TestWorker.processTestClass(TestWorker.java:119)
	at java.base/jdk.internal.reflect.NativeMethodAccessorImpl.invoke0(Native Method)
	at java.base/jdk.internal.reflect.NativeMethodAccessorImpl.invoke(NativeMethodAccessorImpl.java:62)
	at java.base/jdk.internal.reflect.DelegatingMethodAccessorImpl.invoke(DelegatingMethodAccessorImpl.java:43)
	at java.base/java.lang.reflect.Method.invoke(Method.java:564)
	at org.gradle.internal.dispatch.ReflectionDispatch.dispatch(ReflectionDispatch.java:36)
	at org.gradle.internal.dispatch.ReflectionDispatch.dispatch(ReflectionDispatch.java:24)
	at org.gradle.internal.remote.internal.hub.MessageHubBackedObjectConnection$DispatchWrapper.dispatch(MessageHubBackedObjectConnection.java:182)
	at org.gradle.internal.remote.internal.hub.MessageHubBackedObjectConnection$DispatchWrapper.dispatch(MessageHubBackedObjectConnection.java:164)
	at org.gradle.internal.remote.internal.hub.MessageHub$Handler.run(MessageHub.java:414)
	at org.gradle.internal.concurrent.ExecutorPolicy$CatchAndRecordFailures.onExecute(ExecutorPolicy.java:64)
	at org.gradle.internal.concurrent.ManagedExecutorImpl$1.run(ManagedExecutorImpl.java:48)
	at java.base/java.util.concurrent.ThreadPoolExecutor.runWorker(ThreadPoolExecutor.java:1130)
	at java.base/java.util.concurrent.ThreadPoolExecutor$Worker.run(ThreadPoolExecutor.java:630)
	at org.gradle.internal.concurrent.ThreadFactoryImpl$ManagedThreadRunnable.run(ThreadFactoryImpl.java:56)
	at java.base/java.lang.Thread.run(Thread.java:832)
</failure>
  </testcase>
  <testcase name="testEmpty" classname="com.example.task04.Tests" time="0.0"/>
  <testcase name="testMarshak" classname="com.example.task04.Tests" time="0.004">
    <failure message="org.junit.ComparisonFailure: [Input: ??? ???,&#10;??????? ???????? ????.&#10;&#10;? ??? ???????,&#10;??????? ? ?????? ?????? ????????&#10;? ????,&#10;??????? ???????? ????.&#10;&#10;? ??? ??????? ?????-??????,&#10;??????? ????? ?????? ???????,&#10;??????? ? ?????? ?????? ????????&#10;? ????,&#10;??????? ???????? ????.&#10;&#10;??? ???,&#10;??????? ?????? ? ????? ??????,&#10;??????? ????? ?????? ???????,&#10;??????? ? ?????? ?????? ????????&#10;? ????,&#10;??????? ???????? ????.&#10;&#10;??? ??? ??? ??????,&#10;??????? ?? ??????? ??????? ????,&#10;??????? ?????? ? ????? ??????,&#10;??????? ????? ?????? ???????,&#10;??????? ? ?????? ?????? ????????&#10;? ????,&#10;??????? ???????? ????.&#10;&#10;? ??? ?????? ????????,&#10;????????? ??????? ??? ??? ??????,&#10;??????? ?? ??????? ??????? ????,&#10;??????? ?????? ? ????? ??????,&#10;??????? ????? ?????? ???????,&#10;??????? ? ?????? ?????? ????????&#10;? ????,&#10;??????? ???????? ????.&#10;&#10;? ??? ????????, ????? ? ???????,&#10;??????? ???? ?????? ????????,&#10;????????? ??????? ??? ??? ??????,&#10;??????? ?? ??????? ??????? ????,&#10;??????? ?????? ? ????? ??????,&#10;??????? ????? ?????? ???????,&#10;??????? ? ?????? ?????? ????????&#10;? ????,&#10;??????? ???????? ????.&#10;&#10;? ??? ??????? ? ??????? ??????,&#10;??????? ???????? ? ?????????? ???????,&#10;??????? ???? ?????? ????????,&#10;????????? ??????? ??? ??? ??????,&#10;??????? ?? ??????? ??????? ????,&#10;??????? ?????? ? ????? ??????,&#10;??????? ????? ?????? ???????,&#10;??????? ? ?????? ?????? ????????&#10;? ????,&#10;??????? ???????? ????.&#10;&#10;??? ??? ??????,&#10;??????? ????? ???? ???????,&#10;??????? ???????? ? ?????????? ???????,&#10;??????? ???? ?????? ????????,&#10;????????? ??????? ??? ??? ??????,&#10;??????? ?? ??????? ??????? ????,&#10;??????? ?????? ? ????? ??????,&#10;??????? ????? ?????? ???????,&#10;??????? ? ?????? ?????? ????????&#10;? ????,&#10;??????? ???????? ????.] expected:&lt;&quot;???????&#10;??????[?&#10;?&#10;????&#10;????????&#10;????&#10;?&#10;??????&#10;????????&#10;]??????&quot;&gt; but was:&lt;&quot;???????&#10;??????[&#10;?&#10;????&#10;????????&#10;???&#10;?????&#10;??&#10;?????????&#10;????]??????&quot;&gt;" type="org.junit.ComparisonFailure">org.junit.ComparisonFailure: [Input: ??? ???,
??????? ???????? ????.

? ??? ???????,
??????? ? ?????? ?????? ????????
? ????,
??????? ???????? ????.

? ??? ??????? ?????-??????,
??????? ????? ?????? ???????,
??????? ? ?????? ?????? ????????
? ????,
??????? ???????? ????.

??? ???,
??????? ?????? ? ????? ??????,
??????? ????? ?????? ???????,
??????? ? ?????? ?????? ????????
? ????,
??????? ???????? ????.

??? ??? ??? ??????,
??????? ?? ??????? ??????? ????,
??????? ?????? ? ????? ??????,
??????? ????? ?????? ???????,
??????? ? ?????? ?????? ????????
? ????,
??????? ???????? ????.

? ??? ?????? ????????,
????????? ??????? ??? ??? ??????,
??????? ?? ??????? ??????? ????,
??????? ?????? ? ????? ??????,
??????? ????? ?????? ???????,
??????? ? ?????? ?????? ????????
? ????,
??????? ???????? ????.

? ??? ????????, ????? ? ???????,
??????? ???? ?????? ????????,
????????? ??????? ??? ??? ??????,
??????? ?? ??????? ??????? ????,
??????? ?????? ? ????? ??????,
??????? ????? ?????? ???????,
??????? ? ?????? ?????? ????????
? ????,
??????? ???????? ????.

? ??? ??????? ? ??????? ??????,
??????? ???????? ? ?????????? ???????,
??????? ???? ?????? ????????,
????????? ??????? ??? ??? ??????,
??????? ?? ??????? ??????? ????,
??????? ?????? ? ????? ??????,
??????? ????? ?????? ???????,
??????? ? ?????? ?????? ????????
? ????,
??????? ???????? ????.

??? ??? ??????,
??????? ????? ???? ???????,
??????? ???????? ? ?????????? ???????,
??????? ???? ?????? ????????,
????????? ??????? ??? ??? ??????,
??????? ?? ??????? ??????? ????,
??????? ?????? ? ????? ??????,
??????? ????? ?????? ???????,
??????? ? ?????? ?????? ????????
? ????,
??????? ???????? ????.] expected:&lt;&quot;???????
??????[?
?
????
????????
????
?
??????
????????
]??????&quot;&gt; but was:&lt;&quot;???????
??????[
?
????
????????
???
?????
??
?????????
????]??????&quot;&gt;
	at java.base/jdk.internal.reflect.NativeConstructorAccessorImpl.newInstance0(Native Method)
	at java.base/jdk.internal.reflect.NativeConstructorAccessorImpl.newInstance(NativeConstructorAccessorImpl.java:62)
	at java.base/jdk.internal.reflect.DelegatingConstructorAccessorImpl.newInstance(DelegatingConstructorAccessorImpl.java:45)
	at java.base/java.lang.reflect.Constructor.newInstanceWithCaller(Constructor.java:500)
	at com.example.task04.Tests.check(Tests.java:22)
	at com.example.task04.Tests.testMarshak(Tests.java:64)
	at java.base/jdk.internal.reflect.NativeMethodAccessorImpl.invoke0(Native Method)
	at java.base/jdk.internal.reflect.NativeMethodAccessorImpl.invoke(NativeMethodAccessorImpl.java:62)
	at java.base/jdk.internal.reflect.DelegatingMethodAccessorImpl.invoke(DelegatingMethodAccessorImpl.java:43)
	at java.base/java.lang.reflect.Method.invoke(Method.java:564)
	at org.junit.runners.model.FrameworkMethod$1.runReflectiveCall(FrameworkMethod.java:50)
	at org.junit.internal.runners.model.ReflectiveCallable.run(ReflectiveCallable.java:12)
	at org.junit.runners.model.FrameworkMethod.invokeExplosively(FrameworkMethod.java:47)
	at org.junit.internal.runners.statements.InvokeMethod.evaluate(InvokeMethod.java:17)
	at org.junit.runners.ParentRunner.runLeaf(ParentRunner.java:325)
	at org.junit.runners.BlockJUnit4ClassRunner.runChild(BlockJUnit4ClassRunner.java:78)
	at org.junit.runners.BlockJUnit4ClassRunner.runChild(BlockJUnit4ClassRunner.java:57)
	at org.junit.runners.ParentRunner$3.run(ParentRunner.java:290)
	at org.junit.runners.ParentRunner$1.schedule(ParentRunner.java:71)
	at org.junit.runners.ParentRunner.runChildren(ParentRunner.java:288)
	at org.junit.runners.ParentRunner.access$000(ParentRunner.java:58)
	at org.junit.runners.ParentRunner$2.evaluate(ParentRunner.java:268)
	at org.junit.runners.ParentRunner.run(ParentRunner.java:363)
	at org.gradle.api.internal.tasks.testing.junit.JUnitTestClassExecutor.runTestClass(JUnitTestClassExecutor.java:110)
	at org.gradle.api.internal.tasks.testing.junit.JUnitTestClassExecutor.execute(JUnitTestClassExecutor.java:58)
	at org.gradle.api.internal.tasks.testing.junit.JUnitTestClassExecutor.execute(JUnitTestClassExecutor.java:38)
	at org.gradle.api.internal.tasks.testing.junit.AbstractJUnitTestClassProcessor.processTestClass(AbstractJUnitTestClassProcessor.java:62)
	at org.gradle.api.internal.tasks.testing.SuiteTestClassProcessor.processTestClass(SuiteTestClassProcessor.java:51)
	at java.base/jdk.internal.reflect.NativeMethodAccessorImpl.invoke0(Native Method)
	at java.base/jdk.internal.reflect.NativeMethodAccessorImpl.invoke(NativeMethodAccessorImpl.java:62)
	at java.base/jdk.internal.reflect.DelegatingMethodAccessorImpl.invoke(DelegatingMethodAccessorImpl.java:43)
	at java.base/java.lang.reflect.Method.invoke(Method.java:564)
	at org.gradle.internal.dispatch.ReflectionDispatch.dispatch(ReflectionDispatch.java:36)
	at org.gradle.internal.dispatch.ReflectionDispatch.dispatch(ReflectionDispatch.java:24)
	at org.gradle.internal.dispatch.ContextClassLoaderDispatch.dispatch(ContextClassLoaderDispatch.java:33)
	at org.gradle.internal.dispatch.ProxyDispatchAdapter$DispatchingInvocationHandler.invoke(ProxyDispatchAdapter.java:94)
	at com.sun.proxy.$Proxy2.processTestClass(Unknown Source)
	at org.gradle.api.internal.tasks.testing.worker.TestWorker.processTestClass(TestWorker.java:119)
	at java.base/jdk.internal.reflect.NativeMethodAccessorImpl.invoke0(Native Method)
	at java.base/jdk.internal.reflect.NativeMethodAccessorImpl.invoke(NativeMethodAccessorImpl.java:62)
	at java.base/jdk.internal.reflect.DelegatingMethodAccessorImpl.invoke(DelegatingMethodAccessorImpl.java:43)
	at java.base/java.lang.reflect.Method.invoke(Method.java:564)
	at org.gradle.internal.dispatch.ReflectionDispatch.dispatch(ReflectionDispatch.java:36)
	at org.gradle.internal.dispatch.ReflectionDispatch.dispatch(ReflectionDispatch.java:24)
	at org.gradle.internal.remote.internal.hub.MessageHubBackedObjectConnection$DispatchWrapper.dispatch(MessageHubBackedObjectConnection.java:182)
	at org.gradle.internal.remote.internal.hub.MessageHubBackedObjectConnection$DispatchWrapper.dispatch(MessageHubBackedObjectConnection.java:164)
	at org.gradle.internal.remote.internal.hub.MessageHub$Handler.run(MessageHub.java:414)
	at org.gradle.internal.concurrent.ExecutorPolicy$CatchAndRecordFailures.onExecute(ExecutorPolicy.java:64)
	at org.gradle.internal.concurrent.ManagedExecutorImpl$1.run(ManagedExecutorImpl.java:48)
	at java.base/java.util.concurrent.ThreadPoolExecutor.runWorker(ThreadPoolExecutor.java:1130)
	at java.base/java.util.concurrent.ThreadPoolExecutor$Worker.run(ThreadPoolExecutor.java:630)
	at org.gradle.internal.concurrent.ThreadFactoryImpl$ManagedThreadRunnable.run(ThreadFactoryImpl.java:56)
	at java.base/java.lang.Thread.run(Thread.java:832)
</failure>
  </testcase>
  <system-out><![CDATA[]]></system-out>
  <system-err><![CDATA[]]></system-err>
</testsuite>
